<?xml version="1.0" encoding="UTF-8"?>
<!-- Generated by org.testng.reporters.JUnitXMLReporter -->
<testsuite ignored="0" hostname="bhagyak" failures="0" tests="3" name="Default test" time="0.107" errors="0" timestamp="2024-11-27T09:35:57 IST">
  <testcase classname="testngTestcases.Grouping_Testcase1" name="vehicle1" time="0.013"/>
  <testcase classname="testngTestcases.Grouping_Testcase1" name="vehicle2" time="0.003"/>
  <testcase classname="testngTestcases.Grouping_Testcase1" name="vehicle3" time="0.004"/>
</testsuite> <!-- Default test -->
