<?xml version="1.0" encoding="UTF-8"?>
<!-- Generated by org.testng.reporters.JUnitXMLReporter -->
<testsuite ignored="0" hostname="bhagyak" failures="0" tests="5" name="Chrome Testcase" time="23.132" errors="0" timestamp="2024-11-29T10:28:13 IST">
  <testcase classname="testngTestcases.ParametersDemoFromExcel" name="doLogin" time="0.469"/>
  <testcase classname="testngTestcases.ParametersDemoFromExcel" name="doLogin" time="0.366"/>
  <testcase classname="testngTestcases.ParametersDemoFromExcel" name="doLogin" time="0.417"/>
  <testcase classname="testngTestcases.ParametersDemoFromExcel" name="doLogin" time="0.344"/>
  <testcase classname="testngTestcases.ParametersDemoFromExcel" name="doLogin" time="0.371"/>
</testsuite> <!-- Chrome Testcase -->
