<?xml version="1.0" encoding="UTF-8"?>
<!-- Generated by org.testng.reporters.JUnitXMLReporter -->
<testsuite ignored="0" hostname="bhagyak" failures="0" tests="3" name="Firefox Testcase" time="31.38" errors="0" timestamp="2024-11-29T09:56:02 IST">
  <testcase classname="testngTestcases.ParametersDemo" name="doLogin" time="5.52"/>
  <testcase classname="testngTestcases.ParametersDemo" name="doLogin" time="2.07"/>
  <testcase classname="testngTestcases.ParametersDemo" name="doLogin" time="3.035"/>
</testsuite> <!-- Firefox Testcase -->
