<?xml version="1.0" encoding="UTF-8"?>
<!-- Generated by org.testng.reporters.JUnitXMLReporter -->
<testsuite ignored="2" hostname="bhagyak" failures="0" tests="3" name="Sanity and Smoke Testcases" time="0.127" errors="0" timestamp="2024-11-27T09:45:00 IST">
  <testcase classname="testngTestcases.Grouping_Testcase1" name="vehicle1" time="0.016"/>
  <testcase classname="testngTestcases.Grouping_Testcase1" name="vehicle2" time="0.002"/>
  <testcase classname="testngTestcases.Grouping_Testcase2" name="vehicle4" time="0.002"/>
  <testcase classname="testngTestcases.Grouping_Testcase1" name="vehicle3" time="0.0">
    <ignored/>
  </testcase> <!-- vehicle3 -->
  <testcase classname="testngTestcases.Grouping_Testcase2" name="vehicle5" time="0.0">
    <ignored/>
  </testcase> <!-- vehicle5 -->
</testsuite> <!-- Sanity and Smoke Testcases -->
