<?xml version="1.0" encoding="UTF-8"?>
<!-- Generated by org.testng.reporters.JUnitXMLReporter -->
<testsuite ignored="0" hostname="bhagyak" failures="1" tests="1" name="Testcase 2" time="0.025" errors="0" timestamp="2024-11-27T10:03:18 IST">
  <testcase classname="testngTestcases.Testcase2" name="softAssertDemo" time="0.014">
    <failure type="java.lang.AssertionError" message="The following asserts failed:
	expected [Gmail.com] but found [gmail.com],
	expected [true] but found [false],
	expected [false] but found [true]">
      <![CDATA[java.lang.AssertionError: The following asserts failed:
expected [Gmail.com] but found [gmail.com],
expected [true] but found [false],
expected [false] but found [true]
at testngTestcases.Testcase2.softAssertDemo(Testcase2.java:47)
at java.base/java.util.ArrayList.forEach(ArrayList.java:1596)
... Removed 27 stack frames]]>
    </failure>
  </testcase> <!-- softAssertDemo -->
</testsuite> <!-- Testcase 2 -->
