<?xml version="1.0" encoding="UTF-8"?>
<testng-results ignored="0" total="3" passed="3" failed="0" skipped="0">
  <reporter-output>
  </reporter-output>
  <suite started-at="2024-12-16T10:01:55 IST" name="TestNG Suite1" finished-at="2024-12-16T10:02:09 IST" duration-ms="14559">
    <groups>
    </groups>
    <test started-at="2024-12-16T10:01:55 IST" name="Chrome Testcase" finished-at="2024-12-16T10:01:59 IST" duration-ms="3685">
      <class name="testngTestcases.SeleniumGridDemo">
        <test-method signature="openBrowser(java.lang.String,java.lang.String)[pri:0, instance:testngTestcases.SeleniumGridDemo@5656be13]" started-at="2024-12-16T10:01:55 IST" name="openBrowser" finished-at="2024-12-16T10:01:59 IST" duration-ms="3640" status="PASS">
          <params>
            <param index="0">
              <value>
                <![CDATA[https://facebook.com]]>
              </value>
            </param>
            <param index="1">
              <value>
                <![CDATA[chrome]]>
              </value>
            </param>
          </params>
          <reporter-output>
          </reporter-output>
        </test-method> <!-- openBrowser -->
      </class> <!-- testngTestcases.SeleniumGridDemo -->
    </test> <!-- Chrome Testcase -->
    <test started-at="2024-12-16T10:01:59 IST" name="Firefox Testcase" finished-at="2024-12-16T10:02:04 IST" duration-ms="4930">
      <class name="testngTestcases.SeleniumGridDemo">
        <test-method signature="openBrowser(java.lang.String,java.lang.String)[pri:0, instance:testngTestcases.SeleniumGridDemo@79079097]" started-at="2024-12-16T10:01:59 IST" name="openBrowser" finished-at="2024-12-16T10:02:04 IST" duration-ms="4922" status="PASS">
          <params>
            <param index="0">
              <value>
                <![CDATA[https://facebook.com]]>
              </value>
            </param>
            <param index="1">
              <value>
                <![CDATA[firefox]]>
              </value>
            </param>
          </params>
          <reporter-output>
          </reporter-output>
        </test-method> <!-- openBrowser -->
      </class> <!-- testngTestcases.SeleniumGridDemo -->
    </test> <!-- Firefox Testcase -->
    <test started-at="2024-12-16T10:02:04 IST" name="Edge Testcase" finished-at="2024-12-16T10:02:09 IST" duration-ms="5867">
      <class name="testngTestcases.SeleniumGridDemo">
        <test-method signature="openBrowser(java.lang.String,java.lang.String)[pri:0, instance:testngTestcases.SeleniumGridDemo@4b2bac3f]" started-at="2024-12-16T10:02:04 IST" name="openBrowser" finished-at="2024-12-16T10:02:09 IST" duration-ms="5860" status="PASS">
          <params>
            <param index="0">
              <value>
                <![CDATA[https://facebook.com]]>
              </value>
            </param>
            <param index="1">
              <value>
                <![CDATA[edge]]>
              </value>
            </param>
          </params>
          <reporter-output>
          </reporter-output>
        </test-method> <!-- openBrowser -->
      </class> <!-- testngTestcases.SeleniumGridDemo -->
    </test> <!-- Edge Testcase -->
  </suite> <!-- TestNG Suite1 -->
</testng-results>
