<?xml version="1.0" encoding="UTF-8"?>
<testng-results ignored="0" total="1" passed="1" failed="0" skipped="0">
  <reporter-output>
  </reporter-output>
  <suite started-at="2024-12-06T09:12:39 IST" name="Default suite" finished-at="2024-12-06T09:12:41 IST" duration-ms="1531">
    <groups>
    </groups>
    <test started-at="2024-12-06T09:12:39 IST" name="Default test" finished-at="2024-12-06T09:12:41 IST" duration-ms="1531">
      <class name="testcases.DBQuery">
        <test-method signature="makeDBConnection()[pri:0, instance:testcases.DBQuery@4c583ecf]" started-at="2024-12-06T09:12:39 IST" name="makeDBConnection" finished-at="2024-12-06T09:12:41 IST" duration-ms="1375" status="PASS">
          <reporter-output>
          </reporter-output>
        </test-method> <!-- makeDBConnection -->
      </class> <!-- testcases.DBQuery -->
    </test> <!-- Default test -->
  </suite> <!-- Default suite -->
</testng-results>
