<?xml version="1.0" encoding="UTF-8"?>
<testng-results ignored="0" total="5" passed="5" failed="0" skipped="0">
  <reporter-output>
    <line>
      <![CDATA[Testcase has been started: doLogin]]>
    </line>
    <line>
      <![CDATA[Testcase has been passed: doLogin]]>
    </line>
    <line>
      <![CDATA[Testcase has been started: doLogin]]>
    </line>
    <line>
      <![CDATA[Testcase has been passed: doLogin]]>
    </line>
    <line>
      <![CDATA[Testcase has been started: doLogin]]>
    </line>
    <line>
      <![CDATA[Testcase has been passed: doLogin]]>
    </line>
    <line>
      <![CDATA[Testcase has been started: doLogin]]>
    </line>
    <line>
      <![CDATA[Testcase has been passed: doLogin]]>
    </line>
    <line>
      <![CDATA[Testcase has been started: doLogin]]>
    </line>
    <line>
      <![CDATA[Testcase has been passed: doLogin]]>
    </line>
  </reporter-output>
  <suite started-at="2024-11-29T10:27:50 IST" name="TestNG Suite1" finished-at="2024-11-29T10:28:13 IST" duration-ms="23132">
    <groups>
    </groups>
    <test started-at="2024-11-29T10:27:50 IST" name="Chrome Testcase" finished-at="2024-11-29T10:28:13 IST" duration-ms="23132">
      <class name="testngTestcases.ParametersDemoFromExcel">
        <test-method is-config="true" signature="launchBrowser(java.lang.String,java.lang.String)[pri:0, instance:testngTestcases.ParametersDemoFromExcel@7c83dc97]" started-at="2024-11-29T10:27:51 IST" name="launchBrowser" finished-at="2024-11-29T10:27:55 IST" duration-ms="4360" status="PASS">
          <params>
            <param index="0">
              <value>
                <![CDATA[chrome]]>
              </value>
            </param>
            <param index="1">
              <value>
                <![CDATA[https://facebook.com]]>
              </value>
            </param>
          </params>
          <reporter-output>
          </reporter-output>
        </test-method> <!-- launchBrowser -->
        <test-method signature="doLogin(java.lang.String,java.lang.String)[pri:0, instance:testngTestcases.ParametersDemoFromExcel@7c83dc97]" started-at="2024-11-29T10:27:55 IST" name="doLogin" data-provider="data" finished-at="2024-11-29T10:27:56 IST" duration-ms="469" status="PASS">
          <params>
            <param index="0">
              <value>
                <![CDATA[username1]]>
              </value>
            </param>
            <param index="1">
              <value>
                <![CDATA[password1]]>
              </value>
            </param>
          </params>
          <reporter-output>
            <line>
              <![CDATA[Testcase has been started: doLogin]]>
            </line>
            <line>
              <![CDATA[Testcase has been passed: doLogin]]>
            </line>
          </reporter-output>
        </test-method> <!-- doLogin -->
        <test-method is-config="true" signature="tearDown()[pri:0, instance:testngTestcases.ParametersDemoFromExcel@7c83dc97]" started-at="2024-11-29T10:27:56 IST" name="tearDown" finished-at="2024-11-29T10:27:56 IST" duration-ms="252" status="PASS">
          <reporter-output>
          </reporter-output>
        </test-method> <!-- tearDown -->
        <test-method is-config="true" signature="launchBrowser(java.lang.String,java.lang.String)[pri:0, instance:testngTestcases.ParametersDemoFromExcel@7c83dc97]" started-at="2024-11-29T10:27:56 IST" name="launchBrowser" finished-at="2024-11-29T10:28:00 IST" duration-ms="3789" status="PASS">
          <params>
            <param index="0">
              <value>
                <![CDATA[chrome]]>
              </value>
            </param>
            <param index="1">
              <value>
                <![CDATA[https://facebook.com]]>
              </value>
            </param>
          </params>
          <reporter-output>
          </reporter-output>
        </test-method> <!-- launchBrowser -->
        <test-method signature="doLogin(java.lang.String,java.lang.String)[pri:0, instance:testngTestcases.ParametersDemoFromExcel@7c83dc97]" started-at="2024-11-29T10:28:00 IST" name="doLogin" data-provider="data" finished-at="2024-11-29T10:28:00 IST" duration-ms="366" status="PASS">
          <params>
            <param index="0">
              <value>
                <![CDATA[username2]]>
              </value>
            </param>
            <param index="1">
              <value>
                <![CDATA[password2]]>
              </value>
            </param>
          </params>
          <reporter-output>
            <line>
              <![CDATA[Testcase has been started: doLogin]]>
            </line>
            <line>
              <![CDATA[Testcase has been passed: doLogin]]>
            </line>
          </reporter-output>
        </test-method> <!-- doLogin -->
        <test-method is-config="true" signature="tearDown()[pri:0, instance:testngTestcases.ParametersDemoFromExcel@7c83dc97]" started-at="2024-11-29T10:28:00 IST" name="tearDown" finished-at="2024-11-29T10:28:00 IST" duration-ms="155" status="PASS">
          <reporter-output>
          </reporter-output>
        </test-method> <!-- tearDown -->
        <test-method is-config="true" signature="launchBrowser(java.lang.String,java.lang.String)[pri:0, instance:testngTestcases.ParametersDemoFromExcel@7c83dc97]" started-at="2024-11-29T10:28:00 IST" name="launchBrowser" finished-at="2024-11-29T10:28:04 IST" duration-ms="3787" status="PASS">
          <params>
            <param index="0">
              <value>
                <![CDATA[chrome]]>
              </value>
            </param>
            <param index="1">
              <value>
                <![CDATA[https://facebook.com]]>
              </value>
            </param>
          </params>
          <reporter-output>
          </reporter-output>
        </test-method> <!-- launchBrowser -->
        <test-method signature="doLogin(java.lang.String,java.lang.String)[pri:0, instance:testngTestcases.ParametersDemoFromExcel@7c83dc97]" started-at="2024-11-29T10:28:04 IST" name="doLogin" data-provider="data" finished-at="2024-11-29T10:28:04 IST" duration-ms="417" status="PASS">
          <params>
            <param index="0">
              <value>
                <![CDATA[username3]]>
              </value>
            </param>
            <param index="1">
              <value>
                <![CDATA[password3]]>
              </value>
            </param>
          </params>
          <reporter-output>
            <line>
              <![CDATA[Testcase has been started: doLogin]]>
            </line>
            <line>
              <![CDATA[Testcase has been passed: doLogin]]>
            </line>
          </reporter-output>
        </test-method> <!-- doLogin -->
        <test-method is-config="true" signature="tearDown()[pri:0, instance:testngTestcases.ParametersDemoFromExcel@7c83dc97]" started-at="2024-11-29T10:28:04 IST" name="tearDown" finished-at="2024-11-29T10:28:05 IST" duration-ms="216" status="PASS">
          <reporter-output>
          </reporter-output>
        </test-method> <!-- tearDown -->
        <test-method is-config="true" signature="launchBrowser(java.lang.String,java.lang.String)[pri:0, instance:testngTestcases.ParametersDemoFromExcel@7c83dc97]" started-at="2024-11-29T10:28:05 IST" name="launchBrowser" finished-at="2024-11-29T10:28:08 IST" duration-ms="3618" status="PASS">
          <params>
            <param index="0">
              <value>
                <![CDATA[chrome]]>
              </value>
            </param>
            <param index="1">
              <value>
                <![CDATA[https://facebook.com]]>
              </value>
            </param>
          </params>
          <reporter-output>
          </reporter-output>
        </test-method> <!-- launchBrowser -->
        <test-method signature="doLogin(java.lang.String,java.lang.String)[pri:0, instance:testngTestcases.ParametersDemoFromExcel@7c83dc97]" started-at="2024-11-29T10:28:08 IST" name="doLogin" data-provider="data" finished-at="2024-11-29T10:28:09 IST" duration-ms="344" status="PASS">
          <params>
            <param index="0">
              <value>
                <![CDATA[selenium1]]>
              </value>
            </param>
            <param index="1">
              <value>
                <![CDATA[java1]]>
              </value>
            </param>
          </params>
          <reporter-output>
            <line>
              <![CDATA[Testcase has been started: doLogin]]>
            </line>
            <line>
              <![CDATA[Testcase has been passed: doLogin]]>
            </line>
          </reporter-output>
        </test-method> <!-- doLogin -->
        <test-method is-config="true" signature="tearDown()[pri:0, instance:testngTestcases.ParametersDemoFromExcel@7c83dc97]" started-at="2024-11-29T10:28:09 IST" name="tearDown" finished-at="2024-11-29T10:28:09 IST" duration-ms="177" status="PASS">
          <reporter-output>
          </reporter-output>
        </test-method> <!-- tearDown -->
        <test-method is-config="true" signature="launchBrowser(java.lang.String,java.lang.String)[pri:0, instance:testngTestcases.ParametersDemoFromExcel@7c83dc97]" started-at="2024-11-29T10:28:09 IST" name="launchBrowser" finished-at="2024-11-29T10:28:13 IST" duration-ms="3899" status="PASS">
          <params>
            <param index="0">
              <value>
                <![CDATA[chrome]]>
              </value>
            </param>
            <param index="1">
              <value>
                <![CDATA[https://facebook.com]]>
              </value>
            </param>
          </params>
          <reporter-output>
          </reporter-output>
        </test-method> <!-- launchBrowser -->
        <test-method signature="doLogin(java.lang.String,java.lang.String)[pri:0, instance:testngTestcases.ParametersDemoFromExcel@7c83dc97]" started-at="2024-11-29T10:28:13 IST" name="doLogin" data-provider="data" finished-at="2024-11-29T10:28:13 IST" duration-ms="371" status="PASS">
          <params>
            <param index="0">
              <value>
                <![CDATA[selenium2]]>
              </value>
            </param>
            <param index="1">
              <value>
                <![CDATA[java2]]>
              </value>
            </param>
          </params>
          <reporter-output>
            <line>
              <![CDATA[Testcase has been started: doLogin]]>
            </line>
            <line>
              <![CDATA[Testcase has been passed: doLogin]]>
            </line>
          </reporter-output>
        </test-method> <!-- doLogin -->
        <test-method is-config="true" signature="tearDown()[pri:0, instance:testngTestcases.ParametersDemoFromExcel@7c83dc97]" started-at="2024-11-29T10:28:13 IST" name="tearDown" finished-at="2024-11-29T10:28:13 IST" duration-ms="176" status="PASS">
          <reporter-output>
          </reporter-output>
        </test-method> <!-- tearDown -->
      </class> <!-- testngTestcases.ParametersDemoFromExcel -->
    </test> <!-- Chrome Testcase -->
  </suite> <!-- TestNG Suite1 -->
</testng-results>
