<?xml version="1.0" encoding="UTF-8"?>
<testng-results ignored="0" total="3" passed="3" failed="0" skipped="0">
  <reporter-output>
  </reporter-output>
  <suite started-at="2024-12-18T09:43:03 IST" name="TestNG Suite1" finished-at="2024-12-18T09:43:28 IST" duration-ms="25853">
    <groups>
    </groups>
    <test started-at="2024-12-18T09:43:03 IST" name="Chrome Testcase" finished-at="2024-12-18T09:43:07 IST" duration-ms="4687">
      <class name="testngTestcases.SeleniumGridDemo">
        <test-method signature="openBrowser(java.lang.String,java.lang.String)[pri:0, instance:testngTestcases.SeleniumGridDemo@5656be13]" started-at="2024-12-18T09:43:03 IST" name="openBrowser" finished-at="2024-12-18T09:43:07 IST" duration-ms="4627" status="PASS">
          <params>
            <param index="0">
              <value>
                <![CDATA[https://facebook.com]]>
              </value>
            </param>
            <param index="1">
              <value>
                <![CDATA[chrome]]>
              </value>
            </param>
          </params>
          <reporter-output>
          </reporter-output>
        </test-method> <!-- openBrowser -->
      </class> <!-- testngTestcases.SeleniumGridDemo -->
    </test> <!-- Chrome Testcase -->
    <test started-at="2024-12-18T09:43:08 IST" name="Firefox Testcase" finished-at="2024-12-18T09:43:21 IST" duration-ms="13436">
      <class name="testngTestcases.SeleniumGridDemo">
        <test-method signature="openBrowser(java.lang.String,java.lang.String)[pri:0, instance:testngTestcases.SeleniumGridDemo@79079097]" started-at="2024-12-18T09:43:08 IST" name="openBrowser" finished-at="2024-12-18T09:43:21 IST" duration-ms="13417" status="PASS">
          <params>
            <param index="0">
              <value>
                <![CDATA[https://facebook.com]]>
              </value>
            </param>
            <param index="1">
              <value>
                <![CDATA[firefox]]>
              </value>
            </param>
          </params>
          <reporter-output>
          </reporter-output>
        </test-method> <!-- openBrowser -->
      </class> <!-- testngTestcases.SeleniumGridDemo -->
    </test> <!-- Firefox Testcase -->
    <test started-at="2024-12-18T09:43:21 IST" name="Edge Testcase" finished-at="2024-12-18T09:43:28 IST" duration-ms="7459">
      <class name="testngTestcases.SeleniumGridDemo">
        <test-method signature="openBrowser(java.lang.String,java.lang.String)[pri:0, instance:testngTestcases.SeleniumGridDemo@4b2bac3f]" started-at="2024-12-18T09:43:21 IST" name="openBrowser" finished-at="2024-12-18T09:43:28 IST" duration-ms="7431" status="PASS">
          <params>
            <param index="0">
              <value>
                <![CDATA[https://facebook.com]]>
              </value>
            </param>
            <param index="1">
              <value>
                <![CDATA[edge]]>
              </value>
            </param>
          </params>
          <reporter-output>
          </reporter-output>
        </test-method> <!-- openBrowser -->
      </class> <!-- testngTestcases.SeleniumGridDemo -->
    </test> <!-- Edge Testcase -->
  </suite> <!-- TestNG Suite1 -->
</testng-results>
